#
# There is insufficient memory for the Java Runtime Environment to continue.
# Native memory allocation (mmap) failed to map 536870912 bytes. Error detail: G1 virtual space
# Possible reasons:
#   The system is out of physical RAM or swap space
#   This process is running with CompressedOops enabled, and the Java Heap may be blocking the growth of the native heap
# Possible solutions:
#   Reduce memory load on the system
#   Increase physical memory or swap space
#   Check if swap backing store is full
#   Decrease Java heap size (-Xmx/-Xms)
#   Decrease number of Java threads
#   Decrease Java thread stack sizes (-Xss)
#   Set larger code cache with -XX:ReservedCodeCacheSize=
#   JVM is running with Zero Based Compressed Oops mode in which the Java heap is
#     placed in the first 32GB address space. The Java Heap base address is the
#     maximum limit for the native heap growth. Please use -XX:HeapBaseMinAddress
#     to set the Java Heap base and to place the Java Heap above 32GB virtual address.
# This output file may be truncated or incomplete.
#
#  Out of Memory Error (os_windows.cpp:3925), pid=54912, tid=61564
#
# JRE version:  (21.0.8) (build )
# Java VM: OpenJDK 64-Bit Server VM (21.0.8+-14018985-b1038.68, mixed mode, sharing, tiered, compressed oops, compressed class ptrs, g1 gc, windows-amd64)
# No core dump will be written. Minidumps are not enabled by default on client versions of Windows
#

---------------  S U M M A R Y ------------

Command Line: git4idea.http.GitAskPassApp Username for 'https://github.com': 

Host: Intel(R) Core(TM) i7-10700KF CPU @ 3.80GHz, 16 cores, 31G,  Windows 11 , 64 bit Build 26100 (10.0.26100.6725)
Time: Thu Oct 16 02:49:27 2025 elapsed time: 0.008847 seconds (0d 0h 0m 0s)

---------------  T H R E A D  ---------------

Current thread (0x000002986c339890):  JavaThread "Unknown thread" [_thread_in_vm, id=61564, stack(0x000000c7ad800000,0x000000c7ad900000) (1024K)]

Stack: [0x000000c7ad800000,0x000000c7ad900000]
Native frames: (J=compiled Java code, j=interpreted, Vv=VM code, C=native code)
V  [jvm.dll+0x6d68d9]
V  [jvm.dll+0x866693]
V  [jvm.dll+0x868c4e]
V  [jvm.dll+0x869333]
V  [jvm.dll+0x280566]
V  [jvm.dll+0x6d3195]
V  [jvm.dll+0x6c69ea]
V  [jvm.dll+0x3586db]
V  [jvm.dll+0x360336]
V  [jvm.dll+0x3b23f6]
V  [jvm.dll+0x3b26c8]
V  [jvm.dll+0x32ae6c]
V  [jvm.dll+0x32bb5b]
V  [jvm.dll+0x82e109]
V  [jvm.dll+0x3bf5c8]
V  [jvm.dll+0x817388]
V  [jvm.dll+0x453b6e]
V  [jvm.dll+0x4552d1]
C  [jli.dll+0x52ab]
C  [ucrtbase.dll+0x37b0]
C  [KERNEL32.DLL+0x2e8d7]
C  [ntdll.dll+0x8c53c]


---------------  P R O C E S S  ---------------

Threads class SMR info:
_java_thread_list=0x00007ff83417b988, length=0, elements={
}

Java Threads: ( => current thread )
Total: 0

Other Threads:
  0x000002986c3e1c70 WorkerThread "GC Thread#0"                     [id=32600, stack(0x000000c7ad900000,0x000000c7ada00000) (1024K)]
  0x000002986c3f3ab0 ConcurrentGCThread "G1 Main Marker"            [id=43352, stack(0x000000c7ada00000,0x000000c7adb00000) (1024K)]
  0x000002986c3f53f0 WorkerThread "G1 Conc#0"                       [id=64384, stack(0x000000c7adb00000,0x000000c7adc00000) (1024K)]

[error occurred during error reporting (printing all threads), id 0xc0000005, EXCEPTION_ACCESS_VIOLATION (0xc0000005) at pc=0x00007ff83396ddd7]
VM state: not at safepoint (not fully initialized)

VM Mutex/Monitor currently owned by a thread:  ([mutex/lock_event])
[0x00007ff8341e86b8] Heap_lock - owner thread: 0x000002986c339890

Heap address: 0x0000000603400000, size: 8140 MB, Compressed Oops mode: Zero based, Oop shift amount: 3

CDS archive(s) mapped at: [0x0000000000000000-0x0000000000000000-0x0000000000000000), size 0, SharedBaseAddress: 0x0000000800000000, ArchiveRelocationMode: 1.
Narrow klass base: 0x0000000000000000, Narrow klass shift: 0, Narrow klass range: 0x0

GC Precious Log:
 CardTable entry size: 512
 Card Set container configuration: InlinePtr #cards 4 size 8 Array Of Cards #cards 32 size 80 Howl #buckets 8 coarsen threshold 7372 Howl Bitmap #cards 1024 size 144 coarsen threshold 921 Card regions per heap region 1 cards per card region 8192

Heap:
 garbage-first heap   total 0K, used 0K [0x0000000603400000, 0x0000000800000000)
  region size 4096K, 0 young (0K), 0 survivors (0K)
 Metaspace       used 0K, committed 0K, reserved 0K
  class space    used 0K, committed 0K, reserved 0K

Heap Regions: E=young(eden), S=young(survivor), O=old, HS=humongous(starts), HC=humongous(continues), CS=collection set, F=free, TAMS=top-at-mark-start, PB=parsable bottom

Card table byte_map: [0x0000029801aa0000,0x0000029802a90000] _byte_map_base: 0x00000297fea86000

Marking Bits: (CMBitMap*) 0x000002986c3e3380
 Bits: [0x0000029802a90000, 0x000002980a9c0000)

GC Heap History (0 events):
No events

Dll operation events (1 events):
Event: 0.006 Loaded shared library F:\AndroidStudio\jbr\bin\java.dll

Deoptimization events (0 events):
No events

Classes loaded (0 events):
No events

Classes unloaded (0 events):
No events

Classes redefined (0 events):
No events

Internal exceptions (0 events):
No events

ZGC Phase Switch (0 events):
No events

VM Operations (0 events):
No events

Memory protections (0 events):
No events

Nmethod flushes (0 events):
No events

Events (0 events):
No events


Dynamic libraries:
0x00007ff6aaf20000 - 0x00007ff6aaf2a000 	F:\AndroidStudio\jbr\bin\java.exe
0x00007ff9966e0000 - 0x00007ff996948000 	C:\WINDOWS\SYSTEM32\ntdll.dll
0x00007ff994f00000 - 0x00007ff994fc9000 	C:\WINDOWS\System32\KERNEL32.DLL
0x00007ff993d60000 - 0x00007ff994152000 	C:\WINDOWS\System32\KERNELBASE.dll
0x00007ff993be0000 - 0x00007ff993d2b000 	C:\WINDOWS\System32\ucrtbase.dll
0x00007ff95edb0000 - 0x00007ff95edc8000 	F:\AndroidStudio\jbr\bin\jli.dll
0x00007ff9787e0000 - 0x00007ff9787fb000 	F:\AndroidStudio\jbr\bin\VCRUNTIME140.dll
0x00007ff995c10000 - 0x00007ff995dd5000 	C:\WINDOWS\System32\USER32.dll
0x00007ff993d30000 - 0x00007ff993d57000 	C:\WINDOWS\System32\win32u.dll
0x00007ff97a520000 - 0x00007ff97a7b3000 	C:\WINDOWS\WinSxS\amd64_microsoft.windows.common-controls_6595b64144ccf1df_6.0.26100.6725_none_3e085828e334708b\COMCTL32.dll
0x00007ff9965b0000 - 0x00007ff9965db000 	C:\WINDOWS\System32\GDI32.dll
0x00007ff9950b0000 - 0x00007ff995159000 	C:\WINDOWS\System32\msvcrt.dll
0x00007ff9939f0000 - 0x00007ff993b1d000 	C:\WINDOWS\System32\gdi32full.dll
0x00007ff994160000 - 0x00007ff994203000 	C:\WINDOWS\System32\msvcp_win.dll
0x00007ff995000000 - 0x00007ff99502f000 	C:\WINDOWS\System32\IMM32.DLL
0x00007ff98e4d0000 - 0x00007ff98e4dc000 	F:\AndroidStudio\jbr\bin\vcruntime140_1.dll
0x00007ff911bb0000 - 0x00007ff911c3d000 	F:\AndroidStudio\jbr\bin\msvcp140.dll
0x00007ff833630000 - 0x00007ff8342c6000 	F:\AndroidStudio\jbr\bin\server\jvm.dll
0x00007ff9965e0000 - 0x00007ff996694000 	C:\WINDOWS\System32\ADVAPI32.dll
0x00007ff994590000 - 0x00007ff994636000 	C:\WINDOWS\System32\sechost.dll
0x00007ff994d60000 - 0x00007ff994e78000 	C:\WINDOWS\System32\RPCRT4.dll
0x00007ff995de0000 - 0x00007ff995e54000 	C:\WINDOWS\System32\WS2_32.dll
0x00007ff993530000 - 0x00007ff99358e000 	C:\WINDOWS\SYSTEM32\POWRPROF.dll
0x00007ff98c6a0000 - 0x00007ff98c6ab000 	C:\WINDOWS\SYSTEM32\VERSION.dll
0x00007ff986ef0000 - 0x00007ff986f25000 	C:\WINDOWS\SYSTEM32\WINMM.dll
0x00007ff993510000 - 0x00007ff993524000 	C:\WINDOWS\SYSTEM32\UMPDC.dll
0x00007ff992610000 - 0x00007ff99262b000 	C:\WINDOWS\SYSTEM32\kernel.appcore.dll
0x00007ff98e3d0000 - 0x00007ff98e3da000 	F:\AndroidStudio\jbr\bin\jimage.dll
0x00007ff990cb0000 - 0x00007ff990ef2000 	C:\WINDOWS\SYSTEM32\DBGHELP.DLL
0x00007ff995670000 - 0x00007ff9959eb000 	C:\WINDOWS\System32\combase.dll
0x00007ff9944b0000 - 0x00007ff994587000 	C:\WINDOWS\System32\OLEAUT32.dll
0x00007ff977c80000 - 0x00007ff977cbc000 	C:\WINDOWS\SYSTEM32\dbgcore.DLL
0x00007ff9942a0000 - 0x00007ff994338000 	C:\WINDOWS\System32\bcryptPrimitives.dll
0x00007ff976340000 - 0x00007ff976360000 	F:\AndroidStudio\jbr\bin\java.dll

JVMTI agents: none

dbghelp: loaded successfully - version: 4.0.5 - missing functions: none
symbol engine: initialized successfully - sym options: 0x614 - pdb path: .;F:\AndroidStudio\jbr\bin;C:\WINDOWS\SYSTEM32;C:\WINDOWS\WinSxS\amd64_microsoft.windows.common-controls_6595b64144ccf1df_6.0.26100.6725_none_3e085828e334708b;F:\AndroidStudio\jbr\bin\server

VM Arguments:
java_command: git4idea.http.GitAskPassApp Username for 'https://github.com': 
java_class_path (initial): F:/AndroidStudio/plugins/vcs-git/lib/git4idea-rt.jar;F:/AndroidStudio/lib/externalProcess-rt.jar
Launcher Type: SUN_STANDARD

[Global flags]
     intx CICompilerCount                          = 12                                        {product} {ergonomic}
     uint ConcGCThreads                            = 3                                         {product} {ergonomic}
     uint G1ConcRefinementThreads                  = 13                                        {product} {ergonomic}
   size_t G1HeapRegionSize                         = 4194304                                   {product} {ergonomic}
    uintx GCDrainStackTargetSize                   = 64                                        {product} {ergonomic}
   size_t InitialHeapSize                          = 536870912                                 {product} {ergonomic}
   size_t MarkStackSize                            = 4194304                                   {product} {ergonomic}
   size_t MaxHeapSize                              = 8535408640                                {product} {ergonomic}
   size_t MinHeapDeltaBytes                        = 4194304                                   {product} {ergonomic}
   size_t MinHeapSize                              = 8388608                                   {product} {ergonomic}
    uintx NonNMethodCodeHeapSize                   = 7602480                                {pd product} {ergonomic}
    uintx NonProfiledCodeHeapSize                  = 122027880                              {pd product} {ergonomic}
    uintx ProfiledCodeHeapSize                     = 122027880                              {pd product} {ergonomic}
    uintx ReservedCodeCacheSize                    = 251658240                              {pd product} {ergonomic}
     bool SegmentedCodeCache                       = true                                      {product} {ergonomic}
   size_t SoftMaxHeapSize                          = 8535408640                             {manageable} {ergonomic}
     bool UseCompressedOops                        = true                           {product lp64_product} {ergonomic}
     bool UseG1GC                                  = true                                      {product} {ergonomic}
     bool UseLargePagesIndividualAllocation        = false                                  {pd product} {ergonomic}

Logging:
Log output configuration:
 #0: stdout all=warning uptime,level,tags foldmultilines=false
 #1: stderr all=off uptime,level,tags foldmultilines=false

Environment Variables:
PATH=C:\Program Files\Git\mingw64\libexec\git-core;C:\Program Files\Git\mingw64\libexec\git-core;C:\Program Files\Git\mingw64\bin;C:\Program Files\Git\usr\bin;C:\Users\wyf08\bin;C:\Program Files\Common Files\Oracle\Java\javapath;C:\Program Files (x86)\Razer Chroma SDK\bin;C:\Program Files\Razer Chroma SDK\bin;C:\Program Files (x86)\Razer\ChromaBroadcast\bin;C:\Program Files\Razer\ChromaBroadcast\bin;C:\Windows\system32;C:\Windows;C:\Windows\System32\Wbem;C:\Windows\System32\WindowsPowerShell\v1.0;C:\Windows\System32\OpenSSH;C:\Program Files (x86)\NVIDIA Corporation\PhysX\Common;C:\Windows\system32\config\systemprofile\AppData\Local\Microsoft\WindowsApps;C:\Program Files\dotnet;C:\WINDOWS\system32;C:\WINDOWS;C:\WINDOWS\System32\Wbem;C:\WINDOWS\System32\WindowsPowerShell\v1.0;C:\WINDOWS\System32\OpenSSH;C:\Program Files\Git\cmd;C:\ProgramData\chocolatey\bin;C:\Program Files\NVIDIA Corporation\NVIDIA app\NvDLISR;C:\Program Files\nodejs;C:\Program Files\Docker\Docker\resources\bin;C:\Users\wyf08\AppData\Local\Programs\Python\Python39\Scripts;C:\Users\wyf08\AppData\Local\Programs\Python\Python39;C:\Users\wyf08\AppData\Local\Microsoft\WindowsApps;C:\Users\wyf08\AppData\Local\Programs\Microsoft VS Code\bin;C:\ghcup\bin;C:\Program Files\JetBrains\PyCharm 2024.1\bin;C:\Users\wyf08\AppData\Roaming\Programs\Zero Install;C:\MinGW\bin;C:\Users\wyf08\AppData\Local\Microsoft\WindowsApps;F:\coding\IntelliJ IDEA 2024.3.5\bin;C:\Users\wyf08\AppData\Roaming\npm
USERNAME=wyf08
DISPLAY=:0.0
LC_ALL=en_US.UTF-8
TERM=xterm-256color
TMPDIR=C:\Users\wyf08\AppData\Local\Temp
OS=Windows_NT
PROCESSOR_IDENTIFIER=Intel64 Family 6 Model 165 Stepping 5, GenuineIntel
TMP=C:\Users\wyf08\AppData\Local\Temp
TEMP=C:\Users\wyf08\AppData\Local\Temp




Periodic native trim disabled

JNI global refs:
JNI global refs: 0, weak refs: 0

JNI global refs memory usage: 0, weak refs: 0

Process memory usage:
Resident Set Size: 13672K (0% of 33326276K total physical memory with 3733188K free physical memory)

OOME stack traces (most recent first):
Classloader memory used:

---------------  S Y S T E M  ---------------

OS:
 Windows 11 , 64 bit Build 26100 (10.0.26100.6725)
OS uptime: 8 days 5:48 hours
Hyper-V role detected

CPU: total 16 (initial active 16) (8 cores per cpu, 2 threads per core) family 6 model 165 stepping 5 microcode 0xec, cx8, cmov, fxsr, ht, mmx, 3dnowpref, sse, sse2, sse3, ssse3, sse4.1, sse4.2, popcnt, lzcnt, tsc, tscinvbit, avx, avx2, aes, erms, clmul, bmi1, bmi2, adx, fma, vzeroupper, clflush, clflushopt, hv, rdtscp, f16c
Processor Information for the first 16 processors :
  Max Mhz: 3792, Current Mhz: 3792, Mhz Limit: 3792

Memory: 4k page, system-wide physical 32545M (3645M free)
TotalPageFile size 63028M (AvailPageFile size 186M)
current process WorkingSet (physical memory assigned to process): 13M, peak: 13M
current process commit charge ("private bytes"): 71M, peak: 583M

vm_info: OpenJDK 64-Bit Server VM (21.0.8+-14018985-b1038.68) for windows-amd64 JRE (21.0.8+-14018985-b1038.68), built on 2025-08-29T19:56:34Z by "builder" with MS VC++ 16.10 / 16.11 (VS2019)

END.
